<?xml version="1.0" encoding="UTF-8"?>
<!-- Generated by org.testng.reporters.JUnitXMLReporter -->
<testsuite ignored="0" hostname="DESKTOP-G9QUEIR" failures="0" tests="3" name="Test" time="0.079" errors="0" timestamp="21 Jul 2025 09:39:12 GMT">
  <testcase classname="com.app.sample.ParallelMethod" name="test2" time="0.024"/>
  <testcase classname="com.app.sample.ParallelMethod" name="test3" time="0.026"/>
  <testcase classname="com.app.sample.ParallelMethod" name="test1" time="0.031"/>
</testsuite> <!-- Test -->
