<?xml version="1.0" encoding="UTF-8"?>
<!-- Generated by org.testng.reporters.JUnitXMLReporter -->
<testsuite ignored="3" hostname="DESKTOP-G9QUEIR" failures="0" tests="3" name="Test" time="0.074" errors="0" timestamp="21 Jul 2025 11:48:17 GMT">
  <testcase classname="com.app.sample.Testgroup1" name="Test1" time="0.02"/>
  <testcase classname="com.app.sample.Testgroup1" name="Test2" time="0.006"/>
  <testcase classname="com.app.sample.Testgroup2" name="Test5" time="0.003"/>
  <testcase classname="com.app.sample.Testgroup2" name="Test6" time="0.0">
    <ignored/>
  </testcase> <!-- Test6 -->
  <testcase classname="com.app.sample.Testgroup2" name="Test4" time="0.0">
    <ignored/>
  </testcase> <!-- Test4 -->
  <testcase classname="com.app.sample.Testgroup1" name="Test3" time="0.0">
    <ignored/>
  </testcase> <!-- Test3 -->
</testsuite> <!-- Test -->
