<?xml version="1.0" encoding="UTF-8"?>
<testng-results ignored="3" total="6" passed="3" failed="0" skipped="0">
  <reporter-output>
  </reporter-output>
  <suite started-at="2025-07-21T11:48:17Z" name="Suite" finished-at="2025-07-21T11:48:17Z" duration-ms="74">
    <groups>
      <group name="reg">
        <method signature="Testgroup1.Test1()[pri:0, instance:com.app.sample.Testgroup1@42530531]" name="Test1" class="com.app.sample.Testgroup1"/>
        <method signature="Testgroup1.Test2()[pri:0, instance:com.app.sample.Testgroup1@42530531]" name="Test2" class="com.app.sample.Testgroup1"/>
        <method signature="Testgroup2.Test5()[pri:0, instance:com.app.sample.Testgroup2@6f44a157]" name="Test5" class="com.app.sample.Testgroup2"/>
      </group> <!-- reg -->
      <group name="smoke">
        <method signature="Testgroup1.Test1()[pri:0, instance:com.app.sample.Testgroup1@42530531]" name="Test1" class="com.app.sample.Testgroup1"/>
        <method signature="Testgroup1.Test2()[pri:0, instance:com.app.sample.Testgroup1@42530531]" name="Test2" class="com.app.sample.Testgroup1"/>
        <method signature="Testgroup2.Test5()[pri:0, instance:com.app.sample.Testgroup2@6f44a157]" name="Test5" class="com.app.sample.Testgroup2"/>
      </group> <!-- smoke -->
    </groups>
    <test started-at="2025-07-21T11:48:17Z" name="Test" finished-at="2025-07-21T11:48:17Z" duration-ms="74">
      <class name="com.app.sample.Testgroup1">
        <test-method signature="Test1()[pri:0, instance:com.app.sample.Testgroup1@42530531]" started-at="2025-07-21T17:18:17Z" name="Test1" finished-at="2025-07-21T17:18:17Z" duration-ms="20" status="PASS">
          <reporter-output>
          </reporter-output>
        </test-method> <!-- Test1 -->
        <test-method signature="Test2()[pri:0, instance:com.app.sample.Testgroup1@42530531]" started-at="2025-07-21T17:18:17Z" name="Test2" finished-at="2025-07-21T17:18:17Z" duration-ms="6" status="PASS">
          <reporter-output>
          </reporter-output>
        </test-method> <!-- Test2 -->
      </class> <!-- com.app.sample.Testgroup1 -->
      <class name="com.app.sample.Testgroup2">
        <test-method signature="Test5()[pri:0, instance:com.app.sample.Testgroup2@6f44a157]" started-at="2025-07-21T17:18:17Z" name="Test5" finished-at="2025-07-21T17:18:17Z" duration-ms="3" status="PASS">
          <reporter-output>
          </reporter-output>
        </test-method> <!-- Test5 -->
      </class> <!-- com.app.sample.Testgroup2 -->
    </test> <!-- Test -->
  </suite> <!-- Suite -->
</testng-results>
