<?xml version="1.0" encoding="UTF-8"?>
<testng-results ignored="0" total="3" passed="3" failed="0" skipped="0">
  <reporter-output>
  </reporter-output>
  <suite started-at="2025-07-21T09:39:11Z" name="Suite" finished-at="2025-07-21T09:39:11Z" duration-ms="79">
    <groups>
    </groups>
    <test started-at="2025-07-21T09:39:11Z" name="Test" finished-at="2025-07-21T09:39:11Z" duration-ms="79">
      <class name="com.app.sample.ParallelMethod">
        <test-method signature="test1()[pri:0, instance:com.app.sample.ParallelMethod@3688eb5b]" started-at="2025-07-21T15:09:11Z" name="test1" finished-at="2025-07-21T15:09:11Z" duration-ms="31" status="PASS">
          <reporter-output>
          </reporter-output>
        </test-method> <!-- test1 -->
        <test-method signature="test3()[pri:0, instance:com.app.sample.ParallelMethod@3688eb5b]" started-at="2025-07-21T15:09:11Z" name="test3" finished-at="2025-07-21T15:09:11Z" duration-ms="26" status="PASS">
          <reporter-output>
          </reporter-output>
        </test-method> <!-- test3 -->
        <test-method signature="test2()[pri:0, instance:com.app.sample.ParallelMethod@3688eb5b]" started-at="2025-07-21T15:09:11Z" name="test2" finished-at="2025-07-21T15:09:11Z" duration-ms="24" status="PASS">
          <reporter-output>
          </reporter-output>
        </test-method> <!-- test2 -->
      </class> <!-- com.app.sample.ParallelMethod -->
    </test> <!-- Test -->
  </suite> <!-- Suite -->
</testng-results>
